2014/02/24 16:09:20 [error] [exception.CHttpException.404] exception 'CHttpException' with message 'The system is unable to find the requested action "list".' in D:\Users\chenjing07\Desktop\github\framework\web\CController.php:483
Stack trace:
#0 D:\Users\chenjing07\Desktop\github\framework\web\CController.php(270): CController->missingAction('list')
#1 D:\Users\chenjing07\Desktop\github\framework\web\CWebApplication.php(282): CController->run('list')
#2 D:\Users\chenjing07\Desktop\github\framework\web\CWebApplication.php(141): CWebApplication->runController('issue/list')
#3 D:\Users\chenjing07\Desktop\github\framework\base\CApplication.php(180): CWebApplication->processRequest()
#4 D:\Users\chenjing07\Desktop\github\trackstar\index.php(13): CApplication->run()
#5 {main}
REQUEST_URI=/trackstar/index.php?r=issue/list
---
2014/02/24 16:10:11 [error] [exception.CHttpException.404] exception 'CHttpException' with message 'The requested project does not exist.' in D:\Users\chenjing07\Desktop\github\trackstar\protected\controllers\IssueController.php:167
Stack trace:
#0 D:\Users\chenjing07\Desktop\github\trackstar\protected\controllers\IssueController.php(193): IssueController->loadProject(NULL)
#1 D:\Users\chenjing07\Desktop\github\framework\web\filters\CInlineFilter.php(58): IssueController->filterProjectContext(Object(CFilterChain))
#2 D:\Users\chenjing07\Desktop\github\framework\web\filters\CFilterChain.php(130): CInlineFilter->filter(Object(CFilterChain))
#3 D:\Users\chenjing07\Desktop\github\framework\web\filters\CFilter.php(40): CFilterChain->run()
#4 D:\Users\chenjing07\Desktop\github\framework\web\CController.php(1145): CFilter->filter(Object(CFilterChain))
#5 D:\Users\chenjing07\Desktop\github\framework\web\filters\CInlineFilter.php(58): CController->filterAccessControl(Object(CFilterChain))
#6 D:\Users\chenjing07\Desktop\github\framework\web\filters\CFilterChain.php(130): CInlineFilter->filter(Object(CFilterChain))
#7 D:\Users\chenjing07\Desktop\github\framework\web\CController.php(291): CFilterChain->run()
#8 D:\Users\chenjing07\Desktop\github\framework\web\CController.php(265): CController->runActionWithFilters(Object(CInlineAction), Array)
#9 D:\Users\chenjing07\Desktop\github\framework\web\CWebApplication.php(282): CController->run('create')
#10 D:\Users\chenjing07\Desktop\github\framework\web\CWebApplication.php(141): CWebApplication->runController('issue/create')
#11 D:\Users\chenjing07\Desktop\github\framework\base\CApplication.php(180): CWebApplication->processRequest()
#12 D:\Users\chenjing07\Desktop\github\trackstar\index.php(13): CApplication->run()
#13 {main}
REQUEST_URI=/trackstar/index.php?r=issue/create
HTTP_REFERER=http://localhost/trackstar/index.php?r=site/login
---
2014/02/24 16:11:48 [error] [exception.CHttpException.404] exception 'CHttpException' with message 'The system is unable to find the requested action "list".' in D:\Users\chenjing07\Desktop\github\framework\web\CController.php:483
Stack trace:
#0 D:\Users\chenjing07\Desktop\github\framework\web\CController.php(270): CController->missingAction('list')
#1 D:\Users\chenjing07\Desktop\github\framework\web\CWebApplication.php(282): CController->run('list')
#2 D:\Users\chenjing07\Desktop\github\framework\web\CWebApplication.php(141): CWebApplication->runController('issue/list')
#3 D:\Users\chenjing07\Desktop\github\framework\base\CApplication.php(180): CWebApplication->processRequest()
#4 D:\Users\chenjing07\Desktop\github\trackstar\index.php(13): CApplication->run()
#5 {main}
REQUEST_URI=/trackstar/index.php?r=issue/list
---
2014/02/24 16:11:59 [error] [exception.CHttpException.404] exception 'CHttpException' with message 'The requested project does not exist.' in D:\Users\chenjing07\Desktop\github\trackstar\protected\controllers\IssueController.php:167
Stack trace:
#0 D:\Users\chenjing07\Desktop\github\trackstar\protected\controllers\IssueController.php(193): IssueController->loadProject(NULL)
#1 D:\Users\chenjing07\Desktop\github\framework\web\filters\CInlineFilter.php(58): IssueController->filterProjectContext(Object(CFilterChain))
#2 D:\Users\chenjing07\Desktop\github\framework\web\filters\CFilterChain.php(130): CInlineFilter->filter(Object(CFilterChain))
#3 D:\Users\chenjing07\Desktop\github\framework\web\filters\CFilter.php(40): CFilterChain->run()
#4 D:\Users\chenjing07\Desktop\github\framework\web\CController.php(1145): CFilter->filter(Object(CFilterChain))
#5 D:\Users\chenjing07\Desktop\github\framework\web\filters\CInlineFilter.php(58): CController->filterAccessControl(Object(CFilterChain))
#6 D:\Users\chenjing07\Desktop\github\framework\web\filters\CFilterChain.php(130): CInlineFilter->filter(Object(CFilterChain))
#7 D:\Users\chenjing07\Desktop\github\framework\web\CController.php(291): CFilterChain->run()
#8 D:\Users\chenjing07\Desktop\github\framework\web\CController.php(265): CController->runActionWithFilters(Object(CInlineAction), Array)
#9 D:\Users\chenjing07\Desktop\github\framework\web\CWebApplication.php(282): CController->run('create')
#10 D:\Users\chenjing07\Desktop\github\framework\web\CWebApplication.php(141): CWebApplication->runController('issue/create')
#11 D:\Users\chenjing07\Desktop\github\framework\base\CApplication.php(180): CWebApplication->processRequest()
#12 D:\Users\chenjing07\Desktop\github\trackstar\index.php(13): CApplication->run()
#13 {main}
REQUEST_URI=/trackstar/index.php?r=issue/create
---
2014/02/24 16:14:09 [error] [exception.CHttpException.404] exception 'CHttpException' with message 'The requested project does not exist.' in D:\Users\chenjing07\Desktop\github\trackstar\protected\controllers\IssueController.php:167
Stack trace:
#0 D:\Users\chenjing07\Desktop\github\trackstar\protected\controllers\IssueController.php(193): IssueController->loadProject(NULL)
#1 D:\Users\chenjing07\Desktop\github\framework\web\filters\CInlineFilter.php(58): IssueController->filterProjectContext(Object(CFilterChain))
#2 D:\Users\chenjing07\Desktop\github\framework\web\filters\CFilterChain.php(130): CInlineFilter->filter(Object(CFilterChain))
#3 D:\Users\chenjing07\Desktop\github\framework\web\filters\CFilter.php(40): CFilterChain->run()
#4 D:\Users\chenjing07\Desktop\github\framework\web\CController.php(1145): CFilter->filter(Object(CFilterChain))
#5 D:\Users\chenjing07\Desktop\github\framework\web\filters\CInlineFilter.php(58): CController->filterAccessControl(Object(CFilterChain))
#6 D:\Users\chenjing07\Desktop\github\framework\web\filters\CFilterChain.php(130): CInlineFilter->filter(Object(CFilterChain))
#7 D:\Users\chenjing07\Desktop\github\framework\web\CController.php(291): CFilterChain->run()
#8 D:\Users\chenjing07\Desktop\github\framework\web\CController.php(265): CController->runActionWithFilters(Object(CInlineAction), Array)
#9 D:\Users\chenjing07\Desktop\github\framework\web\CWebApplication.php(282): CController->run('create')
#10 D:\Users\chenjing07\Desktop\github\framework\web\CWebApplication.php(141): CWebApplication->runController('issue/create')
#11 D:\Users\chenjing07\Desktop\github\framework\base\CApplication.php(180): CWebApplication->processRequest()
#12 D:\Users\chenjing07\Desktop\github\trackstar\index.php(13): CApplication->run()
#13 {main}
REQUEST_URI=/trackstar/index.php?r=issue/create
---
2014/02/24 16:14:11 [error] [exception.CHttpException.404] exception 'CHttpException' with message 'The requested project does not exist.' in D:\Users\chenjing07\Desktop\github\trackstar\protected\controllers\IssueController.php:167
Stack trace:
#0 D:\Users\chenjing07\Desktop\github\trackstar\protected\controllers\IssueController.php(193): IssueController->loadProject(NULL)
#1 D:\Users\chenjing07\Desktop\github\framework\web\filters\CInlineFilter.php(58): IssueController->filterProjectContext(Object(CFilterChain))
#2 D:\Users\chenjing07\Desktop\github\framework\web\filters\CFilterChain.php(130): CInlineFilter->filter(Object(CFilterChain))
#3 D:\Users\chenjing07\Desktop\github\framework\web\filters\CFilter.php(40): CFilterChain->run()
#4 D:\Users\chenjing07\Desktop\github\framework\web\CController.php(1145): CFilter->filter(Object(CFilterChain))
#5 D:\Users\chenjing07\Desktop\github\framework\web\filters\CInlineFilter.php(58): CController->filterAccessControl(Object(CFilterChain))
#6 D:\Users\chenjing07\Desktop\github\framework\web\filters\CFilterChain.php(130): CInlineFilter->filter(Object(CFilterChain))
#7 D:\Users\chenjing07\Desktop\github\framework\web\CController.php(291): CFilterChain->run()
#8 D:\Users\chenjing07\Desktop\github\framework\web\CController.php(265): CController->runActionWithFilters(Object(CInlineAction), Array)
#9 D:\Users\chenjing07\Desktop\github\framework\web\CWebApplication.php(282): CController->run('create')
#10 D:\Users\chenjing07\Desktop\github\framework\web\CWebApplication.php(141): CWebApplication->runController('issue/create')
#11 D:\Users\chenjing07\Desktop\github\framework\base\CApplication.php(180): CWebApplication->processRequest()
#12 D:\Users\chenjing07\Desktop\github\trackstar\index.php(13): CApplication->run()
#13 {main}
REQUEST_URI=/trackstar/index.php?r=issue/create
---
2014/02/24 16:23:54 [error] [exception.CHttpException.404] exception 'CHttpException' with message 'The requested project does not exist.' in D:\Users\chenjing07\Desktop\github\trackstar\protected\controllers\IssueController.php:168
Stack trace:
#0 D:\Users\chenjing07\Desktop\github\trackstar\protected\controllers\IssueController.php(194): IssueController->loadProject(NULL)
#1 D:\Users\chenjing07\Desktop\github\framework\web\filters\CInlineFilter.php(58): IssueController->filterProjectContext(Object(CFilterChain))
#2 D:\Users\chenjing07\Desktop\github\framework\web\filters\CFilterChain.php(130): CInlineFilter->filter(Object(CFilterChain))
#3 D:\Users\chenjing07\Desktop\github\framework\web\filters\CFilter.php(40): CFilterChain->run()
#4 D:\Users\chenjing07\Desktop\github\framework\web\CController.php(1145): CFilter->filter(Object(CFilterChain))
#5 D:\Users\chenjing07\Desktop\github\framework\web\filters\CInlineFilter.php(58): CController->filterAccessControl(Object(CFilterChain))
#6 D:\Users\chenjing07\Desktop\github\framework\web\filters\CFilterChain.php(130): CInlineFilter->filter(Object(CFilterChain))
#7 D:\Users\chenjing07\Desktop\github\framework\web\CController.php(291): CFilterChain->run()
#8 D:\Users\chenjing07\Desktop\github\framework\web\CController.php(265): CController->runActionWithFilters(Object(CInlineAction), Array)
#9 D:\Users\chenjing07\Desktop\github\framework\web\CWebApplication.php(282): CController->run('create')
#10 D:\Users\chenjing07\Desktop\github\framework\web\CWebApplication.php(141): CWebApplication->runController('issue/create')
#11 D:\Users\chenjing07\Desktop\github\framework\base\CApplication.php(180): CWebApplication->processRequest()
#12 D:\Users\chenjing07\Desktop\github\trackstar\index.php(13): CApplication->run()
#13 {main}
REQUEST_URI=/trackstar/index.php?r=issue/create
---
2014/02/24 16:24:01 [error] [exception.CHttpException.404] exception 'CHttpException' with message 'The requested project does not exist.' in D:\Users\chenjing07\Desktop\github\trackstar\protected\controllers\IssueController.php:168
Stack trace:
#0 D:\Users\chenjing07\Desktop\github\trackstar\protected\controllers\IssueController.php(194): IssueController->loadProject(NULL)
#1 D:\Users\chenjing07\Desktop\github\framework\web\filters\CInlineFilter.php(58): IssueController->filterProjectContext(Object(CFilterChain))
#2 D:\Users\chenjing07\Desktop\github\framework\web\filters\CFilterChain.php(130): CInlineFilter->filter(Object(CFilterChain))
#3 D:\Users\chenjing07\Desktop\github\framework\web\filters\CFilter.php(40): CFilterChain->run()
#4 D:\Users\chenjing07\Desktop\github\framework\web\CController.php(1145): CFilter->filter(Object(CFilterChain))
#5 D:\Users\chenjing07\Desktop\github\framework\web\filters\CInlineFilter.php(58): CController->filterAccessControl(Object(CFilterChain))
#6 D:\Users\chenjing07\Desktop\github\framework\web\filters\CFilterChain.php(130): CInlineFilter->filter(Object(CFilterChain))
#7 D:\Users\chenjing07\Desktop\github\framework\web\CController.php(291): CFilterChain->run()
#8 D:\Users\chenjing07\Desktop\github\framework\web\CController.php(265): CController->runActionWithFilters(Object(CInlineAction), Array)
#9 D:\Users\chenjing07\Desktop\github\framework\web\CWebApplication.php(282): CController->run('create')
#10 D:\Users\chenjing07\Desktop\github\framework\web\CWebApplication.php(141): CWebApplication->runController('issue/create')
#11 D:\Users\chenjing07\Desktop\github\framework\base\CApplication.php(180): CWebApplication->processRequest()
#12 D:\Users\chenjing07\Desktop\github\trackstar\index.php(13): CApplication->run()
#13 {main}
REQUEST_URI=/trackstar/index.php?r=issue/create
HTTP_REFERER=http://localhost/trackstar/index.php?r=issue
---
2014/02/25 02:52:48 [error] [exception.CHttpException.404] exception 'CHttpException' with message 'The requested project does not exist.' in D:\Users\chenjing07\Desktop\github\trackstar\protected\controllers\IssueController.php:168
Stack trace:
#0 D:\Users\chenjing07\Desktop\github\trackstar\protected\controllers\IssueController.php(194): IssueController->loadProject(NULL)
#1 D:\Users\chenjing07\Desktop\github\framework\web\filters\CInlineFilter.php(58): IssueController->filterProjectContext(Object(CFilterChain))
#2 D:\Users\chenjing07\Desktop\github\framework\web\filters\CFilterChain.php(130): CInlineFilter->filter(Object(CFilterChain))
#3 D:\Users\chenjing07\Desktop\github\framework\web\filters\CFilter.php(40): CFilterChain->run()
#4 D:\Users\chenjing07\Desktop\github\framework\web\CController.php(1145): CFilter->filter(Object(CFilterChain))
#5 D:\Users\chenjing07\Desktop\github\framework\web\filters\CInlineFilter.php(58): CController->filterAccessControl(Object(CFilterChain))
#6 D:\Users\chenjing07\Desktop\github\framework\web\filters\CFilterChain.php(130): CInlineFilter->filter(Object(CFilterChain))
#7 D:\Users\chenjing07\Desktop\github\framework\web\CController.php(291): CFilterChain->run()
#8 D:\Users\chenjing07\Desktop\github\framework\web\CController.php(265): CController->runActionWithFilters(Object(CInlineAction), Array)
#9 D:\Users\chenjing07\Desktop\github\framework\web\CWebApplication.php(282): CController->run('create')
#10 D:\Users\chenjing07\Desktop\github\framework\web\CWebApplication.php(141): CWebApplication->runController('issue/create')
#11 D:\Users\chenjing07\Desktop\github\framework\base\CApplication.php(180): CWebApplication->processRequest()
#12 D:\Users\chenjing07\Desktop\github\trackstar\index.php(13): CApplication->run()
#13 {main}
REQUEST_URI=/trackstar/index.php?r=issue/create
HTTP_REFERER=http://127.0.0.1/trackstar/index.php?r=site/login
---
2014/02/25 04:24:54 [error] [php] Undefined variable: project (D:\Users\chenjing07\Desktop\github\trackstar\protected\views\issue\view.php:12)
Stack trace:
#0 D:\Users\chenjing07\Desktop\github\framework\web\CController.php(869): IssueController->renderFile()
#1 D:\Users\chenjing07\Desktop\github\framework\web\CController.php(782): IssueController->renderPartial()
#2 D:\Users\chenjing07\Desktop\github\trackstar\protected\controllers\IssueController.php(58): IssueController->render()
#3 unknown(0): IssueController->actionView()
#4 D:\Users\chenjing07\Desktop\github\framework\web\actions\CAction.php(108): ReflectionMethod->invokeArgs()
#5 D:\Users\chenjing07\Desktop\github\framework\web\actions\CInlineAction.php(47): CInlineAction->runWithParamsInternal()
#6 D:\Users\chenjing07\Desktop\github\framework\web\CController.php(308): CInlineAction->runWithParams()
#7 D:\Users\chenjing07\Desktop\github\framework\web\filters\CFilterChain.php(133): IssueController->runAction()
#8 D:\Users\chenjing07\Desktop\github\framework\web\filters\CFilter.php(40): CFilterChain->run()
#9 D:\Users\chenjing07\Desktop\github\framework\web\CController.php(1145): CAccessControlFilter->filter()
#10 D:\Users\chenjing07\Desktop\github\framework\web\filters\CInlineFilter.php(58): IssueController->filterAccessControl()
#11 D:\Users\chenjing07\Desktop\github\framework\web\filters\CFilterChain.php(130): CInlineFilter->filter()
#12 D:\Users\chenjing07\Desktop\github\framework\web\CController.php(291): CFilterChain->run()
#13 D:\Users\chenjing07\Desktop\github\framework\web\CController.php(265): IssueController->runActionWithFilters()
#14 D:\Users\chenjing07\Desktop\github\framework\web\CWebApplication.php(282): IssueController->run()
#15 D:\Users\chenjing07\Desktop\github\framework\web\CWebApplication.php(141): CWebApplication->runController()
#16 D:\Users\chenjing07\Desktop\github\framework\base\CApplication.php(180): CWebApplication->processRequest()
#17 D:\Users\chenjing07\Desktop\github\trackstar\index.php(13): CWebApplication->run()
REQUEST_URI=/trackstar/index.php?r=issue/view&id=1
in D:\Users\chenjing07\Desktop\github\trackstar\protected\views\issue\view.php (12)
in D:\Users\chenjing07\Desktop\github\trackstar\protected\controllers\IssueController.php (58)
in D:\Users\chenjing07\Desktop\github\trackstar\index.php (13)
2014/02/25 04:31:55 [error] [exception.CHttpException.404] exception 'CHttpException' with message 'The requested project does not exist.' in D:\Users\chenjing07\Desktop\github\trackstar\protected\controllers\IssueController.php:178
Stack trace:
#0 D:\Users\chenjing07\Desktop\github\trackstar\protected\controllers\IssueController.php(204): IssueController->loadProject(NULL)
#1 D:\Users\chenjing07\Desktop\github\framework\web\filters\CInlineFilter.php(58): IssueController->filterProjectContext(Object(CFilterChain))
#2 D:\Users\chenjing07\Desktop\github\framework\web\filters\CFilterChain.php(130): CInlineFilter->filter(Object(CFilterChain))
#3 D:\Users\chenjing07\Desktop\github\framework\web\filters\CFilter.php(40): CFilterChain->run()
#4 D:\Users\chenjing07\Desktop\github\framework\web\CController.php(1145): CFilter->filter(Object(CFilterChain))
#5 D:\Users\chenjing07\Desktop\github\framework\web\filters\CInlineFilter.php(58): CController->filterAccessControl(Object(CFilterChain))
#6 D:\Users\chenjing07\Desktop\github\framework\web\filters\CFilterChain.php(130): CInlineFilter->filter(Object(CFilterChain))
#7 D:\Users\chenjing07\Desktop\github\framework\web\CController.php(291): CFilterChain->run()
#8 D:\Users\chenjing07\Desktop\github\framework\web\CController.php(265): CController->runActionWithFilters(Object(CInlineAction), Array)
#9 D:\Users\chenjing07\Desktop\github\framework\web\CWebApplication.php(282): CController->run('admin')
#10 D:\Users\chenjing07\Desktop\github\framework\web\CWebApplication.php(141): CWebApplication->runController('issue/admin')
#11 D:\Users\chenjing07\Desktop\github\framework\base\CApplication.php(180): CWebApplication->processRequest()
#12 D:\Users\chenjing07\Desktop\github\trackstar\index.php(13): CApplication->run()
#13 {main}
REQUEST_URI=/trackstar/index.php?r=issue/admin
HTTP_REFERER=http://localhost/trackstar/index.php?r=issue/index&pid=1
---
2014/02/25 04:38:52 [error] [exception.CHttpException.404] exception 'CHttpException' with message 'The requested project does not exist.' in D:\Users\chenjing07\Desktop\github\trackstar\protected\controllers\IssueController.php:180
Stack trace:
#0 D:\Users\chenjing07\Desktop\github\trackstar\protected\controllers\IssueController.php(206): IssueController->loadProject(NULL)
#1 D:\Users\chenjing07\Desktop\github\framework\web\filters\CInlineFilter.php(58): IssueController->filterProjectContext(Object(CFilterChain))
#2 D:\Users\chenjing07\Desktop\github\framework\web\filters\CFilterChain.php(130): CInlineFilter->filter(Object(CFilterChain))
#3 D:\Users\chenjing07\Desktop\github\framework\web\filters\CFilter.php(40): CFilterChain->run()
#4 D:\Users\chenjing07\Desktop\github\framework\web\CController.php(1145): CFilter->filter(Object(CFilterChain))
#5 D:\Users\chenjing07\Desktop\github\framework\web\filters\CInlineFilter.php(58): CController->filterAccessControl(Object(CFilterChain))
#6 D:\Users\chenjing07\Desktop\github\framework\web\filters\CFilterChain.php(130): CInlineFilter->filter(Object(CFilterChain))
#7 D:\Users\chenjing07\Desktop\github\framework\web\CController.php(291): CFilterChain->run()
#8 D:\Users\chenjing07\Desktop\github\framework\web\CController.php(265): CController->runActionWithFilters(Object(CInlineAction), Array)
#9 D:\Users\chenjing07\Desktop\github\framework\web\CWebApplication.php(282): CController->run('index')
#10 D:\Users\chenjing07\Desktop\github\framework\web\CWebApplication.php(141): CWebApplication->runController('issue/index')
#11 D:\Users\chenjing07\Desktop\github\framework\base\CApplication.php(180): CWebApplication->processRequest()
#12 D:\Users\chenjing07\Desktop\github\trackstar\index.php(13): CApplication->run()
#13 {main}
REQUEST_URI=/trackstar/index.php?r=issue/index
---
2014/02/25 05:35:44 [error] [exception.CHttpException.404] exception 'CHttpException' with message 'The requested project does not exist.' in D:\Users\chenjing07\Desktop\github\trackstar\protected\controllers\IssueController.php:180
Stack trace:
#0 D:\Users\chenjing07\Desktop\github\trackstar\protected\controllers\IssueController.php(206): IssueController->loadProject(NULL)
#1 D:\Users\chenjing07\Desktop\github\framework\web\filters\CInlineFilter.php(58): IssueController->filterProjectContext(Object(CFilterChain))
#2 D:\Users\chenjing07\Desktop\github\framework\web\filters\CFilterChain.php(130): CInlineFilter->filter(Object(CFilterChain))
#3 D:\Users\chenjing07\Desktop\github\framework\web\filters\CFilter.php(40): CFilterChain->run()
#4 D:\Users\chenjing07\Desktop\github\framework\web\CController.php(1145): CFilter->filter(Object(CFilterChain))
#5 D:\Users\chenjing07\Desktop\github\framework\web\filters\CInlineFilter.php(58): CController->filterAccessControl(Object(CFilterChain))
#6 D:\Users\chenjing07\Desktop\github\framework\web\filters\CFilterChain.php(130): CInlineFilter->filter(Object(CFilterChain))
#7 D:\Users\chenjing07\Desktop\github\framework\web\CController.php(291): CFilterChain->run()
#8 D:\Users\chenjing07\Desktop\github\framework\web\CController.php(265): CController->runActionWithFilters(Object(CInlineAction), Array)
#9 D:\Users\chenjing07\Desktop\github\framework\web\CWebApplication.php(282): CController->run('')
#10 D:\Users\chenjing07\Desktop\github\framework\web\CWebApplication.php(141): CWebApplication->runController('issue')
#11 D:\Users\chenjing07\Desktop\github\framework\base\CApplication.php(180): CWebApplication->processRequest()
#12 D:\Users\chenjing07\Desktop\github\trackstar\index.php(13): CApplication->run()
#13 {main}
REQUEST_URI=/trackstar/index.php?r=issue
---
2014/02/25 05:39:01 [error] [php] Undefined variable: model (D:\Users\chenjing07\Desktop\github\trackstar\protected\views\issue\index.php:10)
Stack trace:
#0 D:\Users\chenjing07\Desktop\github\framework\web\CController.php(869): IssueController->renderFile()
#1 D:\Users\chenjing07\Desktop\github\framework\web\CController.php(782): IssueController->renderPartial()
#2 D:\Users\chenjing07\Desktop\github\trackstar\protected\controllers\IssueController.php(141): IssueController->render()
#3 D:\Users\chenjing07\Desktop\github\framework\web\actions\CInlineAction.php(49): IssueController->actionIndex()
#4 D:\Users\chenjing07\Desktop\github\framework\web\CController.php(308): CInlineAction->runWithParams()
#5 D:\Users\chenjing07\Desktop\github\framework\web\filters\CFilterChain.php(133): IssueController->runAction()
#6 D:\Users\chenjing07\Desktop\github\trackstar\protected\controllers\IssueController.php(207): CFilterChain->run()
#7 D:\Users\chenjing07\Desktop\github\framework\web\filters\CInlineFilter.php(58): IssueController->filterProjectContext()
#8 D:\Users\chenjing07\Desktop\github\framework\web\filters\CFilterChain.php(130): CInlineFilter->filter()
#9 D:\Users\chenjing07\Desktop\github\framework\web\filters\CFilter.php(40): CFilterChain->run()
#10 D:\Users\chenjing07\Desktop\github\framework\web\CController.php(1145): CAccessControlFilter->filter()
#11 D:\Users\chenjing07\Desktop\github\framework\web\filters\CInlineFilter.php(58): IssueController->filterAccessControl()
#12 D:\Users\chenjing07\Desktop\github\framework\web\filters\CFilterChain.php(130): CInlineFilter->filter()
#13 D:\Users\chenjing07\Desktop\github\framework\web\CController.php(291): CFilterChain->run()
#14 D:\Users\chenjing07\Desktop\github\framework\web\CController.php(265): IssueController->runActionWithFilters()
#15 D:\Users\chenjing07\Desktop\github\framework\web\CWebApplication.php(282): IssueController->run()
#16 D:\Users\chenjing07\Desktop\github\framework\web\CWebApplication.php(141): CWebApplication->runController()
#17 D:\Users\chenjing07\Desktop\github\framework\base\CApplication.php(180): CWebApplication->processRequest()
#18 D:\Users\chenjing07\Desktop\github\trackstar\index.php(13): CWebApplication->run()
REQUEST_URI=/trackstar/index.php?r=issue/index&pid=1
in D:\Users\chenjing07\Desktop\github\trackstar\protected\views\issue\index.php (10)
in D:\Users\chenjing07\Desktop\github\trackstar\protected\controllers\IssueController.php (141)
in D:\Users\chenjing07\Desktop\github\trackstar\protected\controllers\IssueController.php (207)
2014/02/26 03:22:34 [error] [exception.CHttpException.400] exception 'CHttpException' with message 'Your request is invalid.' in D:\Users\chenjing07\Desktop\github\framework\web\CController.php:336
Stack trace:
#0 D:\Users\chenjing07\Desktop\github\framework\web\CController.php(309): CController->invalidActionParams(Object(CInlineAction))
#1 D:\Users\chenjing07\Desktop\github\framework\web\filters\CFilterChain.php(133): CController->runAction(Object(CInlineAction))
#2 D:\Users\chenjing07\Desktop\github\framework\web\filters\CFilter.php(40): CFilterChain->run()
#3 D:\Users\chenjing07\Desktop\github\framework\web\CController.php(1145): CFilter->filter(Object(CFilterChain))
#4 D:\Users\chenjing07\Desktop\github\framework\web\filters\CInlineFilter.php(58): CController->filterAccessControl(Object(CFilterChain))
#5 D:\Users\chenjing07\Desktop\github\framework\web\filters\CFilterChain.php(130): CInlineFilter->filter(Object(CFilterChain))
#6 D:\Users\chenjing07\Desktop\github\framework\web\CController.php(291): CFilterChain->run()
#7 D:\Users\chenjing07\Desktop\github\framework\web\CController.php(265): CController->runActionWithFilters(Object(CInlineAction), Array)
#8 D:\Users\chenjing07\Desktop\github\framework\web\CWebApplication.php(282): CController->run('view')
#9 D:\Users\chenjing07\Desktop\github\framework\web\CWebApplication.php(141): CWebApplication->runController('project/view')
#10 D:\Users\chenjing07\Desktop\github\framework\base\CApplication.php(180): CWebApplication->processRequest()
#11 D:\Users\chenjing07\Desktop\github\trackstar\index.php(13): CApplication->run()
#12 {main}
REQUEST_URI=/trackstar/index.php?r=project/view
---
2014/02/28 05:24:40 [error] [exception.CHttpException.404] exception 'CHttpException' with message 'The requested project does not exist.' in D:\Users\chenjing07\Desktop\github\trackstar\protected\controllers\IssueController.php:181
Stack trace:
#0 D:\Users\chenjing07\Desktop\github\trackstar\protected\controllers\IssueController.php(207): IssueController->loadProject(NULL)
#1 D:\Users\chenjing07\Desktop\github\framework\web\filters\CInlineFilter.php(58): IssueController->filterProjectContext(Object(CFilterChain))
#2 D:\Users\chenjing07\Desktop\github\framework\web\filters\CFilterChain.php(130): CInlineFilter->filter(Object(CFilterChain))
#3 D:\Users\chenjing07\Desktop\github\framework\web\filters\CFilter.php(40): CFilterChain->run()
#4 D:\Users\chenjing07\Desktop\github\framework\web\CController.php(1145): CFilter->filter(Object(CFilterChain))
#5 D:\Users\chenjing07\Desktop\github\framework\web\filters\CInlineFilter.php(58): CController->filterAccessControl(Object(CFilterChain))
#6 D:\Users\chenjing07\Desktop\github\framework\web\filters\CFilterChain.php(130): CInlineFilter->filter(Object(CFilterChain))
#7 D:\Users\chenjing07\Desktop\github\framework\web\CController.php(291): CFilterChain->run()
#8 D:\Users\chenjing07\Desktop\github\framework\web\CController.php(265): CController->runActionWithFilters(Object(CInlineAction), Array)
#9 D:\Users\chenjing07\Desktop\github\framework\web\CWebApplication.php(282): CController->run('')
#10 D:\Users\chenjing07\Desktop\github\framework\web\CWebApplication.php(141): CWebApplication->runController('issue')
#11 D:\Users\chenjing07\Desktop\github\framework\base\CApplication.php(180): CWebApplication->processRequest()
#12 D:\Users\chenjing07\Desktop\github\trackstar\index.php(13): CApplication->run()
#13 {main}
REQUEST_URI=/trackstar/index.php?r=issue
---
2014/02/28 07:14:34 [error] [php] Undefined variable: user (D:\Users\chenjing07\Desktop\github\trackstar\protected\components\UserIdentity.php:22)
Stack trace:
#0 D:\Users\chenjing07\Desktop\github\framework\validators\CValidator.php(213): CInlineValidator->validateAttribute()
#1 D:\Users\chenjing07\Desktop\github\framework\base\CModel.php(159): CInlineValidator->validate()
#2 D:\Users\chenjing07\Desktop\github\trackstar\protected\controllers\SiteController.php(94): LoginForm->validate()
#3 D:\Users\chenjing07\Desktop\github\framework\web\actions\CInlineAction.php(49): SiteController->actionLogin()
#4 D:\Users\chenjing07\Desktop\github\framework\web\CController.php(308): CInlineAction->runWithParams()
#5 D:\Users\chenjing07\Desktop\github\framework\web\CController.php(286): SiteController->runAction()
#6 D:\Users\chenjing07\Desktop\github\framework\web\CController.php(265): SiteController->runActionWithFilters()
#7 D:\Users\chenjing07\Desktop\github\framework\web\CWebApplication.php(282): SiteController->run()
#8 D:\Users\chenjing07\Desktop\github\framework\web\CWebApplication.php(141): CWebApplication->runController()
#9 D:\Users\chenjing07\Desktop\github\framework\base\CApplication.php(180): CWebApplication->processRequest()
#10 D:\Users\chenjing07\Desktop\github\trackstar\index.php(13): CWebApplication->run()
REQUEST_URI=/trackstar/index.php?r=site/login
in D:\Users\chenjing07\Desktop\github\trackstar\protected\components\UserIdentity.php (22)
in D:\Users\chenjing07\Desktop\github\trackstar\protected\models\LoginForm.php (52)
in D:\Users\chenjing07\Desktop\github\trackstar\protected\controllers\SiteController.php (94)
2014/02/28 07:17:19 [error] [php] Undefined variable: Yii (D:\Users\chenjing07\Desktop\github\trackstar\protected\models\LoginForm.php:71)
Stack trace:
#0 D:\Users\chenjing07\Desktop\github\framework\web\CController.php(308): CInlineAction->runWithParams()
#1 D:\Users\chenjing07\Desktop\github\framework\web\CController.php(286): SiteController->runAction()
#2 D:\Users\chenjing07\Desktop\github\framework\web\CController.php(265): SiteController->runActionWithFilters()
#3 D:\Users\chenjing07\Desktop\github\framework\web\CWebApplication.php(282): SiteController->run()
#4 D:\Users\chenjing07\Desktop\github\framework\web\CWebApplication.php(141): CWebApplication->runController()
#5 D:\Users\chenjing07\Desktop\github\framework\base\CApplication.php(180): CWebApplication->processRequest()
#6 D:\Users\chenjing07\Desktop\github\trackstar\index.php(13): CWebApplication->run()
REQUEST_URI=/trackstar/index.php?r=site/login
in D:\Users\chenjing07\Desktop\github\trackstar\protected\models\LoginForm.php (71)
in D:\Users\chenjing07\Desktop\github\trackstar\protected\controllers\SiteController.php (94)
in D:\Users\chenjing07\Desktop\github\trackstar\index.php (13)
2014/02/28 07:17:55 [error] [php] Undefined variable: User (D:\Users\chenjing07\Desktop\github\trackstar\protected\models\LoginForm.php:72)
Stack trace:
#0 D:\Users\chenjing07\Desktop\github\framework\web\CController.php(308): CInlineAction->runWithParams()
#1 D:\Users\chenjing07\Desktop\github\framework\web\CController.php(286): SiteController->runAction()
#2 D:\Users\chenjing07\Desktop\github\framework\web\CController.php(265): SiteController->runActionWithFilters()
#3 D:\Users\chenjing07\Desktop\github\framework\web\CWebApplication.php(282): SiteController->run()
#4 D:\Users\chenjing07\Desktop\github\framework\web\CWebApplication.php(141): CWebApplication->runController()
#5 D:\Users\chenjing07\Desktop\github\framework\base\CApplication.php(180): CWebApplication->processRequest()
#6 D:\Users\chenjing07\Desktop\github\trackstar\index.php(13): CWebApplication->run()
REQUEST_URI=/trackstar/index.php?r=site/login
in D:\Users\chenjing07\Desktop\github\trackstar\protected\models\LoginForm.php (72)
in D:\Users\chenjing07\Desktop\github\trackstar\protected\controllers\SiteController.php (94)
in D:\Users\chenjing07\Desktop\github\trackstar\index.php (13)
2014/03/03 14:29:38 [error] [exception.CHttpException.403] exception 'CHttpException' with message 'You are not authorized to perform this action.' in D:\Users\chenjing07\Desktop\github\trackstar\protected\controllers\ProjectController.php:192
Stack trace:
#0 [internal function]: ProjectController->actionAdduser('1')
#1 D:\Users\chenjing07\Desktop\github\framework\web\actions\CAction.php(108): ReflectionMethod->invokeArgs(Object(ProjectController), Array)
#2 D:\Users\chenjing07\Desktop\github\framework\web\actions\CInlineAction.php(47): CAction->runWithParamsInternal(Object(ProjectController), Object(ReflectionMethod), Array)
#3 D:\Users\chenjing07\Desktop\github\framework\web\CController.php(308): CInlineAction->runWithParams(Array)
#4 D:\Users\chenjing07\Desktop\github\framework\web\filters\CFilterChain.php(133): CController->runAction(Object(CInlineAction))
#5 D:\Users\chenjing07\Desktop\github\framework\web\filters\CFilter.php(40): CFilterChain->run()
#6 D:\Users\chenjing07\Desktop\github\framework\web\CController.php(1145): CFilter->filter(Object(CFilterChain))
#7 D:\Users\chenjing07\Desktop\github\framework\web\filters\CInlineFilter.php(58): CController->filterAccessControl(Object(CFilterChain))
#8 D:\Users\chenjing07\Desktop\github\framework\web\filters\CFilterChain.php(130): CInlineFilter->filter(Object(CFilterChain))
#9 D:\Users\chenjing07\Desktop\github\framework\web\CController.php(291): CFilterChain->run()
#10 D:\Users\chenjing07\Desktop\github\framework\web\CController.php(265): CController->runActionWithFilters(Object(CInlineAction), Array)
#11 D:\Users\chenjing07\Desktop\github\framework\web\CWebApplication.php(282): CController->run('adduser')
#12 D:\Users\chenjing07\Desktop\github\framework\web\CWebApplication.php(141): CWebApplication->runController('project/adduser')
#13 D:\Users\chenjing07\Desktop\github\framework\base\CApplication.php(180): CWebApplication->processRequest()
#14 D:\Users\chenjing07\Desktop\github\trackstar\index.php(13): CApplication->run()
#15 {main}
REQUEST_URI=/trackstar/index.php?r=project/adduser&id=1
HTTP_REFERER=http://localhost/trackstar/index.php?r=project/adduser&id=1
---
2014/03/04 13:47:26 [error] [php] include(RecentComments.php): failed to open stream: No such file or directory (D:\Users\chenjing07\Desktop\github\framework\YiiBase.php:427)
Stack trace:
#0 D:\Users\chenjing07\Desktop\github\framework\web\CWidgetFactory.php(146): import()
#1 D:\Users\chenjing07\Desktop\github\framework\web\CBaseController.php(146): CWidgetFactory->createWidget()
#2 D:\Users\chenjing07\Desktop\github\framework\web\CBaseController.php(172): ProjectController->createWidget()
#3 D:\Users\chenjing07\Desktop\github\trackstar\protected\views\project\index.php(25): ProjectController->widget()
#4 D:\Users\chenjing07\Desktop\github\framework\web\CBaseController.php(126): require()
#5 D:\Users\chenjing07\Desktop\github\framework\web\CBaseController.php(95): ProjectController->renderInternal()
#6 D:\Users\chenjing07\Desktop\github\framework\web\CController.php(869): ProjectController->renderFile()
#7 D:\Users\chenjing07\Desktop\github\framework\web\CController.php(782): ProjectController->renderPartial()
#8 D:\Users\chenjing07\Desktop\github\trackstar\protected\controllers\ProjectController.php(141): ProjectController->render()
#9 D:\Users\chenjing07\Desktop\github\framework\web\actions\CInlineAction.php(49): ProjectController->actionIndex()
#10 D:\Users\chenjing07\Desktop\github\framework\web\CController.php(308): CInlineAction->runWithParams()
#11 D:\Users\chenjing07\Desktop\github\framework\web\filters\CFilterChain.php(133): ProjectController->runAction()
#12 D:\Users\chenjing07\Desktop\github\framework\web\filters\CFilter.php(40): CFilterChain->run()
#13 D:\Users\chenjing07\Desktop\github\framework\web\CController.php(1145): CAccessControlFilter->filter()
#14 D:\Users\chenjing07\Desktop\github\framework\web\filters\CInlineFilter.php(58): ProjectController->filterAccessControl()
#15 D:\Users\chenjing07\Desktop\github\framework\web\filters\CFilterChain.php(130): CInlineFilter->filter()
#16 D:\Users\chenjing07\Desktop\github\framework\web\CController.php(291): CFilterChain->run()
#17 D:\Users\chenjing07\Desktop\github\framework\web\CController.php(265): ProjectController->runActionWithFilters()
#18 D:\Users\chenjing07\Desktop\github\framework\web\CWebApplication.php(282): ProjectController->run()
#19 D:\Users\chenjing07\Desktop\github\framework\web\CWebApplication.php(141): CWebApplication->runController()
#20 D:\Users\chenjing07\Desktop\github\framework\base\CApplication.php(180): CWebApplication->processRequest()
#21 D:\Users\chenjing07\Desktop\github\trackstar\index.php(13): CWebApplication->run()
REQUEST_URI=/trackstar/index.php?r=project
in D:\Users\chenjing07\Desktop\github\trackstar\protected\views\project\index.php (25)
in D:\Users\chenjing07\Desktop\github\trackstar\protected\controllers\ProjectController.php (141)
in D:\Users\chenjing07\Desktop\github\trackstar\index.php (13)
2014/03/05 04:43:02 [error] [exception.CException] exception 'CException' with message 'Property "IssueController._model" is not defined.' in D:\Users\chenjing07\Desktop\github\framework\base\CComponent.php:130
Stack trace:
#0 D:\Users\chenjing07\Desktop\github\trackstar\protected\controllers\IssueController.php(189): CComponent->__get('_model')
#1 D:\Users\chenjing07\Desktop\github\trackstar\protected\controllers\IssueController.php(56): IssueController->loadModel('1', true)
#2 [internal function]: IssueController->actionView('1')
#3 D:\Users\chenjing07\Desktop\github\framework\web\actions\CAction.php(108): ReflectionMethod->invokeArgs(Object(IssueController), Array)
#4 D:\Users\chenjing07\Desktop\github\framework\web\actions\CInlineAction.php(47): CAction->runWithParamsInternal(Object(IssueController), Object(ReflectionMethod), Array)
#5 D:\Users\chenjing07\Desktop\github\framework\web\CController.php(308): CInlineAction->runWithParams(Array)
#6 D:\Users\chenjing07\Desktop\github\framework\web\filters\CFilterChain.php(133): CController->runAction(Object(CInlineAction))
#7 D:\Users\chenjing07\Desktop\github\framework\web\filters\CFilter.php(40): CFilterChain->run()
#8 D:\Users\chenjing07\Desktop\github\framework\web\CController.php(1145): CFilter->filter(Object(CFilterChain))
#9 D:\Users\chenjing07\Desktop\github\framework\web\filters\CInlineFilter.php(58): CController->filterAccessControl(Object(CFilterChain))
#10 D:\Users\chenjing07\Desktop\github\framework\web\filters\CFilterChain.php(130): CInlineFilter->filter(Object(CFilterChain))
#11 D:\Users\chenjing07\Desktop\github\framework\web\CController.php(291): CFilterChain->run()
#12 D:\Users\chenjing07\Desktop\github\framework\web\CController.php(265): CController->runActionWithFilters(Object(CInlineAction), Array)
#13 D:\Users\chenjing07\Desktop\github\framework\web\CWebApplication.php(282): CController->run('view')
#14 D:\Users\chenjing07\Desktop\github\framework\web\CWebApplication.php(141): CWebApplication->runController('issue/view/id/1')
#15 D:\Users\chenjing07\Desktop\github\framework\base\CApplication.php(180): CWebApplication->processRequest()
#16 D:\Users\chenjing07\Desktop\github\trackstar\index.php(13): CApplication->run()
#17 {main}
REQUEST_URI=/trackstar/issue/view/id/1
HTTP_REFERER=http://localhost/trackstar/project
---
2014/03/05 04:45:44 [error] [php] Missing argument 1 for ProjectController::loadModel(), called in D:\Users\chenjing07\Desktop\github\trackstar\protected\controllers\ProjectController.php on line 69 and defined (D:\Users\chenjing07\Desktop\github\trackstar\protected\controllers\ProjectController.php:174)
Stack trace:
#0 D:\Users\chenjing07\Desktop\github\framework\web\actions\CAction.php(108): ReflectionMethod->invokeArgs()
#1 D:\Users\chenjing07\Desktop\github\framework\web\actions\CInlineAction.php(47): CInlineAction->runWithParamsInternal()
#2 D:\Users\chenjing07\Desktop\github\framework\web\CController.php(308): CInlineAction->runWithParams()
#3 D:\Users\chenjing07\Desktop\github\framework\web\filters\CFilterChain.php(133): ProjectController->runAction()
#4 D:\Users\chenjing07\Desktop\github\framework\web\filters\CFilter.php(40): CFilterChain->run()
#5 D:\Users\chenjing07\Desktop\github\framework\web\CController.php(1145): CAccessControlFilter->filter()
#6 D:\Users\chenjing07\Desktop\github\framework\web\filters\CInlineFilter.php(58): ProjectController->filterAccessControl()
#7 D:\Users\chenjing07\Desktop\github\framework\web\filters\CFilterChain.php(130): CInlineFilter->filter()
#8 D:\Users\chenjing07\Desktop\github\framework\web\CController.php(291): CFilterChain->run()
#9 D:\Users\chenjing07\Desktop\github\framework\web\CController.php(265): ProjectController->runActionWithFilters()
#10 D:\Users\chenjing07\Desktop\github\framework\web\CWebApplication.php(282): ProjectController->run()
#11 D:\Users\chenjing07\Desktop\github\framework\web\CWebApplication.php(141): CWebApplication->runController()
#12 D:\Users\chenjing07\Desktop\github\framework\base\CApplication.php(180): CWebApplication->processRequest()
#13 D:\Users\chenjing07\Desktop\github\trackstar\index.php(13): CWebApplication->run()
REQUEST_URI=/trackstar/project/view/id/1
in D:\Users\chenjing07\Desktop\github\trackstar\protected\controllers\ProjectController.php (174)
in D:\Users\chenjing07\Desktop\github\trackstar\protected\controllers\ProjectController.php (69)
in D:\Users\chenjing07\Desktop\github\trackstar\index.php (13)
